<?xml version="1.0" encoding="UTF-8"?>
<testsuite name="com.Shins.book.springboot.web.domain.posts.PostsRepositoryTest" tests="1" skipped="0" failures="0" errors="0" timestamp="2022-04-07T10:33:36" hostname="DESKTOP-J7BOO63" time="0.527">
  <properties/>
  <testcase name="게시글저장_불러오기" classname="com.Shins.book.springboot.web.domain.posts.PostsRepositoryTest" time="0.527"/>
  <system-out><![CDATA[19:33:29.392 [Test worker] DEBUG org.springframework.test.context.junit4.SpringJUnit4ClassRunner - SpringJUnit4ClassRunner constructor called with [class com.Shins.book.springboot.web.domain.posts.PostsRepositoryTest]
19:33:29.403 [Test worker] DEBUG org.springframework.test.context.BootstrapUtils - Instantiating CacheAwareContextLoaderDelegate from class [org.springframework.test.context.cache.DefaultCacheAwareContextLoaderDelegate]
19:33:29.413 [Test worker] DEBUG org.springframework.test.context.BootstrapUtils - Instantiating BootstrapContext using constructor [public org.springframework.test.context.support.DefaultBootstrapContext(java.lang.Class,org.springframework.test.context.CacheAwareContextLoaderDelegate)]
19:33:29.433 [Test worker] DEBUG org.springframework.test.context.BootstrapUtils - Instantiating TestContextBootstrapper for test class [com.Shins.book.springboot.web.domain.posts.PostsRepositoryTest] from class [org.springframework.boot.test.context.SpringBootTestContextBootstrapper]
19:33:29.449 [Test worker] INFO org.springframework.boot.test.context.SpringBootTestContextBootstrapper - Neither @ContextConfiguration nor @ContextHierarchy found for test class [com.Shins.book.springboot.web.domain.posts.PostsRepositoryTest], using SpringBootContextLoader
19:33:29.455 [Test worker] DEBUG org.springframework.test.context.support.AbstractContextLoader - Did not detect default resource location for test class [com.Shins.book.springboot.web.domain.posts.PostsRepositoryTest]: class path resource [com/Shins/book/springboot/web/domain/posts/PostsRepositoryTest-context.xml] does not exist
19:33:29.456 [Test worker] DEBUG org.springframework.test.context.support.AbstractContextLoader - Did not detect default resource location for test class [com.Shins.book.springboot.web.domain.posts.PostsRepositoryTest]: class path resource [com/Shins/book/springboot/web/domain/posts/PostsRepositoryTestContext.groovy] does not exist
19:33:29.457 [Test worker] INFO org.springframework.test.context.support.AbstractContextLoader - Could not detect default resource locations for test class [com.Shins.book.springboot.web.domain.posts.PostsRepositoryTest]: no resource found for suffixes {-context.xml, Context.groovy}.
19:33:29.458 [Test worker] INFO org.springframework.test.context.support.AnnotationConfigContextLoaderUtils - Could not detect default configuration classes for test class [com.Shins.book.springboot.web.domain.posts.PostsRepositoryTest]: PostsRepositoryTest does not declare any static, non-private, non-final, nested classes annotated with @Configuration.
19:33:29.522 [Test worker] DEBUG org.springframework.test.context.support.ActiveProfilesUtils - Could not find an 'annotation declaring class' for annotation type [org.springframework.test.context.ActiveProfiles] and class [com.Shins.book.springboot.web.domain.posts.PostsRepositoryTest]
19:33:29.647 [Test worker] DEBUG org.springframework.context.annotation.ClassPathScanningCandidateComponentProvider - Identified candidate component class: file [D:\JAVA_Spring\Study\Springboot_AWS_Web_Service\build\classes\java\main\com\Shins\book\springboot\Application.class]
19:33:29.649 [Test worker] INFO org.springframework.boot.test.context.SpringBootTestContextBootstrapper - Found @SpringBootConfiguration com.Shins.book.springboot.Application for test class com.Shins.book.springboot.web.domain.posts.PostsRepositoryTest
19:33:29.759 [Test worker] DEBUG org.springframework.boot.test.context.SpringBootTestContextBootstrapper - @TestExecutionListeners is not present for class [com.Shins.book.springboot.web.domain.posts.PostsRepositoryTest]: using defaults.
19:33:29.761 [Test worker] INFO org.springframework.boot.test.context.SpringBootTestContextBootstrapper - Loaded default TestExecutionListener class names from location [META-INF/spring.factories]: [org.springframework.boot.test.autoconfigure.restdocs.RestDocsTestExecutionListener, org.springframework.boot.test.autoconfigure.web.client.MockRestServiceServerResetTestExecutionListener, org.springframework.boot.test.autoconfigure.web.servlet.MockMvcPrintOnlyOnFailureTestExecutionListener, org.springframework.boot.test.autoconfigure.web.servlet.WebDriverTestExecutionListener, org.springframework.boot.test.mock.mockito.MockitoTestExecutionListener, org.springframework.boot.test.mock.mockito.ResetMocksTestExecutionListener, org.springframework.test.context.web.ServletTestExecutionListener, org.springframework.test.context.support.DirtiesContextBeforeModesTestExecutionListener, org.springframework.test.context.support.DependencyInjectionTestExecutionListener, org.springframework.test.context.support.DirtiesContextTestExecutionListener, org.springframework.test.context.transaction.TransactionalTestExecutionListener, org.springframework.test.context.jdbc.SqlScriptsTestExecutionListener]
19:33:29.786 [Test worker] INFO org.springframework.boot.test.context.SpringBootTestContextBootstrapper - Using TestExecutionListeners: [org.springframework.test.context.web.ServletTestExecutionListener@6ad86da5, org.springframework.test.context.support.DirtiesContextBeforeModesTestExecutionListener@1e5803e4, org.springframework.boot.test.mock.mockito.MockitoTestExecutionListener@2091a43e, org.springframework.boot.test.autoconfigure.SpringBootDependencyInjectionTestExecutionListener@53197dc, org.springframework.test.context.support.DirtiesContextTestExecutionListener@2c2d779a, org.springframework.test.context.transaction.TransactionalTestExecutionListener@723416d8, org.springframework.test.context.jdbc.SqlScriptsTestExecutionListener@5fa9fcf4, org.springframework.boot.test.autoconfigure.restdocs.RestDocsTestExecutionListener@562f0faa, org.springframework.boot.test.autoconfigure.web.client.MockRestServiceServerResetTestExecutionListener@11f93352, org.springframework.boot.test.autoconfigure.web.servlet.MockMvcPrintOnlyOnFailureTestExecutionListener@43a96563, org.springframework.boot.test.autoconfigure.web.servlet.WebDriverTestExecutionListener@53f76fbe, org.springframework.boot.test.mock.mockito.ResetMocksTestExecutionListener@7d8b7835]
19:33:29.791 [Test worker] DEBUG org.springframework.test.annotation.ProfileValueUtils - Retrieved @ProfileValueSourceConfiguration [null] for test class [com.Shins.book.springboot.web.domain.posts.PostsRepositoryTest]
19:33:29.792 [Test worker] DEBUG org.springframework.test.annotation.ProfileValueUtils - Retrieved ProfileValueSource type [class org.springframework.test.annotation.SystemProfileValueSource] for class [com.Shins.book.springboot.web.domain.posts.PostsRepositoryTest]
19:33:29.799 [Test worker] DEBUG org.springframework.test.annotation.ProfileValueUtils - Retrieved @ProfileValueSourceConfiguration [null] for test class [com.Shins.book.springboot.web.domain.posts.PostsRepositoryTest]
19:33:29.799 [Test worker] DEBUG org.springframework.test.annotation.ProfileValueUtils - Retrieved ProfileValueSource type [class org.springframework.test.annotation.SystemProfileValueSource] for class [com.Shins.book.springboot.web.domain.posts.PostsRepositoryTest]
19:33:29.801 [Test worker] DEBUG org.springframework.test.annotation.ProfileValueUtils - Retrieved @ProfileValueSourceConfiguration [null] for test class [com.Shins.book.springboot.web.domain.posts.PostsRepositoryTest]
19:33:29.801 [Test worker] DEBUG org.springframework.test.annotation.ProfileValueUtils - Retrieved ProfileValueSource type [class org.springframework.test.annotation.SystemProfileValueSource] for class [com.Shins.book.springboot.web.domain.posts.PostsRepositoryTest]
19:33:29.811 [Test worker] DEBUG org.springframework.test.context.support.AbstractDirtiesContextTestExecutionListener - Before test class: context [DefaultTestContext@1f452ef9 testClass = PostsRepositoryTest, testInstance = [null], testMethod = [null], testException = [null], mergedContextConfiguration = [WebMergedContextConfiguration@1b58d0 testClass = PostsRepositoryTest, locations = '{}', classes = '{class com.Shins.book.springboot.Application}', contextInitializerClasses = '[]', activeProfiles = '{}', propertySourceLocations = '{}', propertySourceProperties = '{org.springframework.boot.test.context.SpringBootTestContextBootstrapper=true}', contextCustomizers = set[org.springframework.boot.test.autoconfigure.properties.PropertyMappingContextCustomizer@0, org.springframework.boot.test.autoconfigure.web.servlet.WebDriverContextCustomizerFactory$Customizer@1cf2efe1, org.springframework.boot.test.context.filter.ExcludeFilterContextCustomizer@28c3dd56, org.springframework.boot.test.json.DuplicateJsonObjectContextCustomizerFactory$DuplicateJsonObjectContextCustomizer@c009a08, org.springframework.boot.test.mock.mockito.MockitoContextCustomizer@0, org.springframework.boot.test.web.client.TestRestTemplateContextCustomizer@20e71cb5], resourceBasePath = 'src/main/webapp', contextLoader = 'org.springframework.boot.test.context.SpringBootContextLoader', parent = [null]], attributes = map['org.springframework.test.context.web.ServletTestExecutionListener.activateListener' -> true]], class annotated with @DirtiesContext [false] with mode [null].
19:33:29.812 [Test worker] DEBUG org.springframework.test.annotation.ProfileValueUtils - Retrieved @ProfileValueSourceConfiguration [null] for test class [com.Shins.book.springboot.web.domain.posts.PostsRepositoryTest]
19:33:29.813 [Test worker] DEBUG org.springframework.test.annotation.ProfileValueUtils - Retrieved ProfileValueSource type [class org.springframework.test.annotation.SystemProfileValueSource] for class [com.Shins.book.springboot.web.domain.posts.PostsRepositoryTest]
19:33:29.835 [Test worker] DEBUG org.springframework.test.context.support.TestPropertySourceUtils - Adding inlined properties to environment: {spring.jmx.enabled=false, org.springframework.boot.test.context.SpringBootTestContextBootstrapper=true, server.port=-1}

  .   ____          _            __ _ _
 /\\ / ___'_ __ _ _(_)_ __  __ _ \ \ \ \
( ( )\___ | '_ | '_| | '_ \/ _` | \ \ \ \
 \\/  ___)| |_)| | | | | || (_| |  ) ) ) )
  '  |____| .__|_| |_|_| |_\__, | / / / /
 =========|_|==============|___/=/_/_/_/
 :: Spring Boot ::        (v2.1.7.RELEASE)

2022-04-07 19:33:30.178  INFO 12648 --- [    Test worker] c.S.b.s.w.d.posts.PostsRepositoryTest    : Starting PostsRepositoryTest on DESKTOP-J7BOO63 with PID 12648 (started by shini in D:\JAVA_Spring\Study\Springboot_AWS_Web_Service)
2022-04-07 19:33:30.180  INFO 12648 --- [    Test worker] c.S.b.s.w.d.posts.PostsRepositoryTest    : No active profile set, falling back to default profiles: default
2022-04-07 19:33:31.205  INFO 12648 --- [    Test worker] .s.d.r.c.RepositoryConfigurationDelegate : Bootstrapping Spring Data repositories in DEFAULT mode.
2022-04-07 19:33:31.327  INFO 12648 --- [    Test worker] .s.d.r.c.RepositoryConfigurationDelegate : Finished Spring Data repository scanning in 107ms. Found 1 repository interfaces.
2022-04-07 19:33:31.935  INFO 12648 --- [    Test worker] trationDelegate$BeanPostProcessorChecker : Bean 'org.springframework.transaction.annotation.ProxyTransactionManagementConfiguration' of type [org.springframework.transaction.annotation.ProxyTransactionManagementConfiguration$$EnhancerBySpringCGLIB$$d4d229a1] is not eligible for getting processed by all BeanPostProcessors (for example: not eligible for auto-proxying)
2022-04-07 19:33:32.283  INFO 12648 --- [    Test worker] com.zaxxer.hikari.HikariDataSource       : HikariPool-1 - Starting...
2022-04-07 19:33:32.522  INFO 12648 --- [    Test worker] com.zaxxer.hikari.HikariDataSource       : HikariPool-1 - Start completed.
2022-04-07 19:33:32.671  INFO 12648 --- [    Test worker] o.hibernate.jpa.internal.util.LogHelper  : HHH000204: Processing PersistenceUnitInfo [
	name: default
	...]
2022-04-07 19:33:32.777  INFO 12648 --- [    Test worker] org.hibernate.Version                    : HHH000412: Hibernate Core {5.3.10.Final}
2022-04-07 19:33:32.780  INFO 12648 --- [    Test worker] org.hibernate.cfg.Environment            : HHH000206: hibernate.properties not found
2022-04-07 19:33:33.037  INFO 12648 --- [    Test worker] o.hibernate.annotations.common.Version   : HCANN000001: Hibernate Commons Annotations {5.0.4.Final}
2022-04-07 19:33:33.285  INFO 12648 --- [    Test worker] org.hibernate.dialect.Dialect            : HHH000400: Using dialect: org.hibernate.dialect.MySQL5InnoDBDialect
Hibernate: drop table if exists posts
Hibernate: create table posts (id bigint not null auto_increment, author varchar(255), content TEXT not null, title varchar(500) not null, primary key (id)) engine=InnoDB
2022-04-07 19:33:34.045  INFO 12648 --- [    Test worker] o.h.t.schema.internal.SchemaCreatorImpl  : HHH000476: Executing import script 'org.hibernate.tool.schema.internal.exec.ScriptSourceInputNonExistentImpl@50d34841'
2022-04-07 19:33:34.049  INFO 12648 --- [    Test worker] j.LocalContainerEntityManagerFactoryBean : Initialized JPA EntityManagerFactory for persistence unit 'default'
2022-04-07 19:33:35.460  INFO 12648 --- [    Test worker] o.s.s.concurrent.ThreadPoolTaskExecutor  : Initializing ExecutorService 'applicationTaskExecutor'
2022-04-07 19:33:35.540  WARN 12648 --- [    Test worker] aWebConfiguration$JpaWebMvcConfiguration : spring.jpa.open-in-view is enabled by default. Therefore, database queries may be performed during view rendering. Explicitly configure spring.jpa.open-in-view to disable this warning
2022-04-07 19:33:36.079  INFO 12648 --- [    Test worker] c.S.b.s.w.d.posts.PostsRepositoryTest    : Started PostsRepositoryTest in 6.231 seconds (JVM running for 7.873)
Hibernate: insert into posts (author, content, title) values (?, ?, ?)
2022-04-07 19:33:36.393  INFO 12648 --- [    Test worker] o.h.h.i.QueryTranslatorFactoryInitiator  : HHH000397: Using ASTQueryTranslatorFactory
Hibernate: select posts0_.id as id1_0_, posts0_.author as author2_0_, posts0_.content as content3_0_, posts0_.title as title4_0_ from posts posts0_
@@@ID::1
Hibernate: select posts0_.id as id1_0_, posts0_.author as author2_0_, posts0_.content as content3_0_, posts0_.title as title4_0_ from posts posts0_
Hibernate: delete from posts where id=?
]]></system-out>
  <system-err><![CDATA[]]></system-err>
</testsuite>
