<?xml version="1.0" encoding="UTF-8"?>
<testsuite name="com.Shins.book.springboot.web.HelloControllerTest" tests="2" skipped="0" failures="0" errors="0" timestamp="2022-04-14T15:50:58" hostname="DESKTOP-MDFPPQ7" time="0.313">
  <properties/>
  <testcase name="hello가_리턴된다" classname="com.Shins.book.springboot.web.HelloControllerTest" time="0.232"/>
  <testcase name="helloDto가_리턴된다" classname="com.Shins.book.springboot.web.HelloControllerTest" time="0.079"/>
  <system-out><![CDATA[00:50:56.001 [Test worker] DEBUG org.springframework.test.context.junit4.SpringJUnit4ClassRunner - SpringJUnit4ClassRunner constructor called with [class com.Shins.book.springboot.web.HelloControllerTest]
00:50:56.009 [Test worker] DEBUG org.springframework.test.context.BootstrapUtils - Instantiating CacheAwareContextLoaderDelegate from class [org.springframework.test.context.cache.DefaultCacheAwareContextLoaderDelegate]
00:50:56.017 [Test worker] DEBUG org.springframework.test.context.BootstrapUtils - Instantiating BootstrapContext using constructor [public org.springframework.test.context.support.DefaultBootstrapContext(java.lang.Class,org.springframework.test.context.CacheAwareContextLoaderDelegate)]
00:50:56.035 [Test worker] DEBUG org.springframework.test.context.BootstrapUtils - Instantiating TestContextBootstrapper for test class [com.Shins.book.springboot.web.HelloControllerTest] from class [org.springframework.boot.test.autoconfigure.web.servlet.WebMvcTestContextBootstrapper]
00:50:56.051 [Test worker] INFO org.springframework.boot.test.autoconfigure.web.servlet.WebMvcTestContextBootstrapper - Neither @ContextConfiguration nor @ContextHierarchy found for test class [com.Shins.book.springboot.web.HelloControllerTest], using SpringBootContextLoader
00:50:56.054 [Test worker] DEBUG org.springframework.test.context.support.AbstractContextLoader - Did not detect default resource location for test class [com.Shins.book.springboot.web.HelloControllerTest]: class path resource [com/Shins/book/springboot/web/HelloControllerTest-context.xml] does not exist
00:50:56.055 [Test worker] DEBUG org.springframework.test.context.support.AbstractContextLoader - Did not detect default resource location for test class [com.Shins.book.springboot.web.HelloControllerTest]: class path resource [com/Shins/book/springboot/web/HelloControllerTestContext.groovy] does not exist
00:50:56.055 [Test worker] INFO org.springframework.test.context.support.AbstractContextLoader - Could not detect default resource locations for test class [com.Shins.book.springboot.web.HelloControllerTest]: no resource found for suffixes {-context.xml, Context.groovy}.
00:50:56.056 [Test worker] INFO org.springframework.test.context.support.AnnotationConfigContextLoaderUtils - Could not detect default configuration classes for test class [com.Shins.book.springboot.web.HelloControllerTest]: HelloControllerTest does not declare any static, non-private, non-final, nested classes annotated with @Configuration.
00:50:56.117 [Test worker] DEBUG org.springframework.test.context.support.ActiveProfilesUtils - Could not find an 'annotation declaring class' for annotation type [org.springframework.test.context.ActiveProfiles] and class [com.Shins.book.springboot.web.HelloControllerTest]
00:50:56.184 [Test worker] DEBUG org.springframework.context.annotation.ClassPathScanningCandidateComponentProvider - Identified candidate component class: file [D:\Study\Spring\Springboot_AWS_Web_Service\build\classes\java\main\com\Shins\book\springboot\Application.class]
00:50:56.185 [Test worker] INFO org.springframework.boot.test.context.SpringBootTestContextBootstrapper - Found @SpringBootConfiguration com.Shins.book.springboot.Application for test class com.Shins.book.springboot.web.HelloControllerTest
00:50:56.187 [Test worker] DEBUG org.springframework.boot.test.autoconfigure.web.servlet.WebMvcTestContextBootstrapper - @TestExecutionListeners is not present for class [com.Shins.book.springboot.web.HelloControllerTest]: using defaults.
00:50:56.188 [Test worker] INFO org.springframework.boot.test.autoconfigure.web.servlet.WebMvcTestContextBootstrapper - Loaded default TestExecutionListener class names from location [META-INF/spring.factories]: [org.springframework.security.test.context.support.WithSecurityContextTestExecutionListener, org.springframework.security.test.context.support.ReactorContextTestExecutionListener, org.springframework.boot.test.autoconfigure.restdocs.RestDocsTestExecutionListener, org.springframework.boot.test.autoconfigure.web.client.MockRestServiceServerResetTestExecutionListener, org.springframework.boot.test.autoconfigure.web.servlet.MockMvcPrintOnlyOnFailureTestExecutionListener, org.springframework.boot.test.autoconfigure.web.servlet.WebDriverTestExecutionListener, org.springframework.boot.test.mock.mockito.MockitoTestExecutionListener, org.springframework.boot.test.mock.mockito.ResetMocksTestExecutionListener, org.springframework.test.context.web.ServletTestExecutionListener, org.springframework.test.context.support.DirtiesContextBeforeModesTestExecutionListener, org.springframework.test.context.support.DependencyInjectionTestExecutionListener, org.springframework.test.context.support.DirtiesContextTestExecutionListener, org.springframework.test.context.transaction.TransactionalTestExecutionListener, org.springframework.test.context.jdbc.SqlScriptsTestExecutionListener]
00:50:56.210 [Test worker] INFO org.springframework.boot.test.autoconfigure.web.servlet.WebMvcTestContextBootstrapper - Using TestExecutionListeners: [org.springframework.test.context.web.ServletTestExecutionListener@25072494, org.springframework.test.context.support.DirtiesContextBeforeModesTestExecutionListener@c3ad90d, org.springframework.boot.test.mock.mockito.MockitoTestExecutionListener@6630012f, org.springframework.boot.test.autoconfigure.SpringBootDependencyInjectionTestExecutionListener@54ad4ec5, org.springframework.test.context.support.DirtiesContextTestExecutionListener@4892f340, org.springframework.test.context.transaction.TransactionalTestExecutionListener@12baa9ee, org.springframework.test.context.jdbc.SqlScriptsTestExecutionListener@7465ebef, org.springframework.security.test.context.support.WithSecurityContextTestExecutionListener@4a0048c0, org.springframework.security.test.context.support.ReactorContextTestExecutionListener@1557ba33, org.springframework.boot.test.autoconfigure.restdocs.RestDocsTestExecutionListener@526594ae, org.springframework.boot.test.autoconfigure.web.client.MockRestServiceServerResetTestExecutionListener@984279e, org.springframework.boot.test.autoconfigure.web.servlet.MockMvcPrintOnlyOnFailureTestExecutionListener@418a2826, org.springframework.boot.test.autoconfigure.web.servlet.WebDriverTestExecutionListener@69a48406, org.springframework.boot.test.mock.mockito.ResetMocksTestExecutionListener@179abd78]
00:50:56.213 [Test worker] DEBUG org.springframework.test.annotation.ProfileValueUtils - Retrieved @ProfileValueSourceConfiguration [null] for test class [com.Shins.book.springboot.web.HelloControllerTest]
00:50:56.214 [Test worker] DEBUG org.springframework.test.annotation.ProfileValueUtils - Retrieved ProfileValueSource type [class org.springframework.test.annotation.SystemProfileValueSource] for class [com.Shins.book.springboot.web.HelloControllerTest]
00:50:56.215 [Test worker] DEBUG org.springframework.test.annotation.ProfileValueUtils - Retrieved @ProfileValueSourceConfiguration [null] for test class [com.Shins.book.springboot.web.HelloControllerTest]
00:50:56.215 [Test worker] DEBUG org.springframework.test.annotation.ProfileValueUtils - Retrieved ProfileValueSource type [class org.springframework.test.annotation.SystemProfileValueSource] for class [com.Shins.book.springboot.web.HelloControllerTest]
00:50:56.219 [Test worker] DEBUG org.springframework.test.context.support.AbstractDirtiesContextTestExecutionListener - Before test class: context [DefaultTestContext@5229a408 testClass = HelloControllerTest, testInstance = [null], testMethod = [null], testException = [null], mergedContextConfiguration = [WebMergedContextConfiguration@63d1ee27 testClass = HelloControllerTest, locations = '{}', classes = '{class com.Shins.book.springboot.Application}', contextInitializerClasses = '[]', activeProfiles = '{}', propertySourceLocations = '{}', propertySourceProperties = '{org.springframework.boot.test.autoconfigure.web.servlet.WebMvcTestContextBootstrapper=true}', contextCustomizers = set[org.springframework.boot.test.autoconfigure.OverrideAutoConfigurationContextCustomizerFactory$DisableAutoConfigurationContextCustomizer@30413011, org.springframework.boot.test.autoconfigure.filter.TypeExcludeFiltersContextCustomizer@aea65410, org.springframework.boot.test.autoconfigure.properties.PropertyMappingContextCustomizer@e4dea5ad, org.springframework.boot.test.autoconfigure.web.servlet.WebDriverContextCustomizerFactory$Customizer@7ecabb1b, [ImportsContextCustomizer@265fb215 key = [org.springframework.boot.autoconfigure.cache.CacheAutoConfiguration, org.springframework.boot.autoconfigure.context.MessageSourceAutoConfiguration, org.springframework.boot.autoconfigure.data.web.SpringDataWebAutoConfiguration, org.springframework.boot.autoconfigure.freemarker.FreeMarkerAutoConfiguration, org.springframework.boot.autoconfigure.groovy.template.GroovyTemplateAutoConfiguration, org.springframework.boot.autoconfigure.gson.GsonAutoConfiguration, org.springframework.boot.autoconfigure.hateoas.HypermediaAutoConfiguration, org.springframework.boot.autoconfigure.http.HttpMessageConvertersAutoConfiguration, org.springframework.boot.autoconfigure.jackson.JacksonAutoConfiguration, org.springframework.boot.autoconfigure.jsonb.JsonbAutoConfiguration, org.springframework.boot.autoconfigure.mustache.MustacheAutoConfiguration, org.springframework.boot.autoconfigure.task.TaskExecutionAutoConfiguration, org.springframework.boot.autoconfigure.thymeleaf.ThymeleafAutoConfiguration, org.springframework.boot.autoconfigure.validation.ValidationAutoConfiguration, org.springframework.boot.autoconfigure.web.servlet.error.ErrorMvcAutoConfiguration, org.springframework.boot.autoconfigure.web.servlet.WebMvcAutoConfiguration, org.springframework.boot.test.autoconfigure.web.servlet.MockMvcAutoConfiguration, org.springframework.boot.test.autoconfigure.web.servlet.MockMvcSecurityAutoConfiguration, org.springframework.boot.test.autoconfigure.web.servlet.MockMvcWebClientAutoConfiguration, org.springframework.boot.test.autoconfigure.web.servlet.MockMvcWebDriverAutoConfiguration]], org.springframework.boot.test.context.filter.ExcludeFilterContextCustomizer@708543d, org.springframework.boot.test.json.DuplicateJsonObjectContextCustomizerFactory$DuplicateJsonObjectContextCustomizer@1fa10aca, org.springframework.boot.test.mock.mockito.MockitoContextCustomizer@0], resourceBasePath = 'src/main/webapp', contextLoader = 'org.springframework.boot.test.context.SpringBootContextLoader', parent = [null]], attributes = map[[empty]]], class annotated with @DirtiesContext [false] with mode [null].
00:50:56.220 [Test worker] DEBUG org.springframework.test.annotation.ProfileValueUtils - Retrieved @ProfileValueSourceConfiguration [null] for test class [com.Shins.book.springboot.web.HelloControllerTest]
00:50:56.220 [Test worker] DEBUG org.springframework.test.annotation.ProfileValueUtils - Retrieved ProfileValueSource type [class org.springframework.test.annotation.SystemProfileValueSource] for class [com.Shins.book.springboot.web.HelloControllerTest]
00:50:56.225 [Test worker] DEBUG org.springframework.test.context.support.DependencyInjectionTestExecutionListener - Performing dependency injection for test context [[DefaultTestContext@5229a408 testClass = HelloControllerTest, testInstance = com.Shins.book.springboot.web.HelloControllerTest@1222e69c, testMethod = [null], testException = [null], mergedContextConfiguration = [WebMergedContextConfiguration@63d1ee27 testClass = HelloControllerTest, locations = '{}', classes = '{class com.Shins.book.springboot.Application}', contextInitializerClasses = '[]', activeProfiles = '{}', propertySourceLocations = '{}', propertySourceProperties = '{org.springframework.boot.test.autoconfigure.web.servlet.WebMvcTestContextBootstrapper=true}', contextCustomizers = set[org.springframework.boot.test.autoconfigure.OverrideAutoConfigurationContextCustomizerFactory$DisableAutoConfigurationContextCustomizer@30413011, org.springframework.boot.test.autoconfigure.filter.TypeExcludeFiltersContextCustomizer@aea65410, org.springframework.boot.test.autoconfigure.properties.PropertyMappingContextCustomizer@e4dea5ad, org.springframework.boot.test.autoconfigure.web.servlet.WebDriverContextCustomizerFactory$Customizer@7ecabb1b, [ImportsContextCustomizer@265fb215 key = [org.springframework.boot.autoconfigure.cache.CacheAutoConfiguration, org.springframework.boot.autoconfigure.context.MessageSourceAutoConfiguration, org.springframework.boot.autoconfigure.data.web.SpringDataWebAutoConfiguration, org.springframework.boot.autoconfigure.freemarker.FreeMarkerAutoConfiguration, org.springframework.boot.autoconfigure.groovy.template.GroovyTemplateAutoConfiguration, org.springframework.boot.autoconfigure.gson.GsonAutoConfiguration, org.springframework.boot.autoconfigure.hateoas.HypermediaAutoConfiguration, org.springframework.boot.autoconfigure.http.HttpMessageConvertersAutoConfiguration, org.springframework.boot.autoconfigure.jackson.JacksonAutoConfiguration, org.springframework.boot.autoconfigure.jsonb.JsonbAutoConfiguration, org.springframework.boot.autoconfigure.mustache.MustacheAutoConfiguration, org.springframework.boot.autoconfigure.task.TaskExecutionAutoConfiguration, org.springframework.boot.autoconfigure.thymeleaf.ThymeleafAutoConfiguration, org.springframework.boot.autoconfigure.validation.ValidationAutoConfiguration, org.springframework.boot.autoconfigure.web.servlet.error.ErrorMvcAutoConfiguration, org.springframework.boot.autoconfigure.web.servlet.WebMvcAutoConfiguration, org.springframework.boot.test.autoconfigure.web.servlet.MockMvcAutoConfiguration, org.springframework.boot.test.autoconfigure.web.servlet.MockMvcSecurityAutoConfiguration, org.springframework.boot.test.autoconfigure.web.servlet.MockMvcWebClientAutoConfiguration, org.springframework.boot.test.autoconfigure.web.servlet.MockMvcWebDriverAutoConfiguration]], org.springframework.boot.test.context.filter.ExcludeFilterContextCustomizer@708543d, org.springframework.boot.test.json.DuplicateJsonObjectContextCustomizerFactory$DuplicateJsonObjectContextCustomizer@1fa10aca, org.springframework.boot.test.mock.mockito.MockitoContextCustomizer@0], resourceBasePath = 'src/main/webapp', contextLoader = 'org.springframework.boot.test.context.SpringBootContextLoader', parent = [null]], attributes = map[[empty]]]].
00:50:56.350 [Test worker] DEBUG org.springframework.test.context.support.TestPropertySourceUtils - Adding inlined properties to environment: {spring.jmx.enabled=false, org.springframework.boot.test.autoconfigure.web.servlet.WebMvcTestContextBootstrapper=true, server.port=-1}

  .   ____          _            __ _ _
 /\\ / ___'_ __ _ _(_)_ __  __ _ \ \ \ \
( ( )\___ | '_ | '_| | '_ \/ _` | \ \ \ \
 \\/  ___)| |_)| | | | | || (_| |  ) ) ) )
  '  |____| .__|_| |_|_| |_\__, | / / / /
 =========|_|==============|___/=/_/_/_/
 :: Spring Boot ::        (v2.1.7.RELEASE)

2022-04-15 00:50:56.628  INFO 21824 --- [    Test worker] c.S.b.s.web.HelloControllerTest          : Starting HelloControllerTest on DESKTOP-MDFPPQ7 with PID 21824 (started by shini in D:\Study\Spring\Springboot_AWS_Web_Service)
2022-04-15 00:50:56.630  INFO 21824 --- [    Test worker] c.S.b.s.web.HelloControllerTest          : The following profiles are active: oauth
2022-04-15 00:50:57.926  INFO 21824 --- [    Test worker] o.s.s.concurrent.ThreadPoolTaskExecutor  : Initializing ExecutorService 'applicationTaskExecutor'
2022-04-15 00:50:58.003  INFO 21824 --- [    Test worker] o.s.b.a.w.s.WelcomePageHandlerMapping    : Adding welcome page template: index
2022-04-15 00:50:58.332  INFO 21824 --- [    Test worker] .s.s.UserDetailsServiceAutoConfiguration : 

Using generated security password: a44dcc71-fda8-443f-85d4-24679bf831c4

2022-04-15 00:50:58.524  INFO 21824 --- [    Test worker] o.s.s.web.DefaultSecurityFilterChain     : Creating filter chain: any request, [org.springframework.security.web.context.request.async.WebAsyncManagerIntegrationFilter@285e31d6, org.springframework.security.web.context.SecurityContextPersistenceFilter@6fa04d00, org.springframework.security.web.header.HeaderWriterFilter@811fd4f, org.springframework.security.web.csrf.CsrfFilter@32171c97, org.springframework.security.web.authentication.logout.LogoutFilter@604fa990, org.springframework.security.web.authentication.UsernamePasswordAuthenticationFilter@7a7be151, org.springframework.security.web.authentication.ui.DefaultLoginPageGeneratingFilter@1ac62bb0, org.springframework.security.web.authentication.ui.DefaultLogoutPageGeneratingFilter@3726ed41, org.springframework.security.web.authentication.www.BasicAuthenticationFilter@56f0fc27, org.springframework.security.web.savedrequest.RequestCacheAwareFilter@416b5e59, org.springframework.security.web.servletapi.SecurityContextHolderAwareRequestFilter@ea6ba5, org.springframework.security.web.authentication.AnonymousAuthenticationFilter@2927abcb, org.springframework.security.web.session.SessionManagementFilter@6b2c7078, org.springframework.security.web.access.ExceptionTranslationFilter@63a5f2d, org.springframework.security.web.access.intercept.FilterSecurityInterceptor@5b1aaee]
2022-04-15 00:50:58.575  INFO 21824 --- [    Test worker] o.s.b.t.m.w.SpringBootMockServletContext : Initializing Spring TestDispatcherServlet ''
2022-04-15 00:50:58.575  INFO 21824 --- [    Test worker] o.s.t.web.servlet.TestDispatcherServlet  : Initializing Servlet ''
2022-04-15 00:50:58.591  INFO 21824 --- [    Test worker] o.s.t.web.servlet.TestDispatcherServlet  : Completed initialization in 16 ms
2022-04-15 00:50:58.634  INFO 21824 --- [    Test worker] c.S.b.s.web.HelloControllerTest          : Started HelloControllerTest in 2.276 seconds (JVM running for 3.781)
]]></system-out>
  <system-err><![CDATA[]]></system-err>
</testsuite>
