<?xml version="1.0" encoding="UTF-8"?>
<testsuite name="com.Shins.book.springboot.web.IndexControllerTest" tests="1" skipped="0" failures="0" errors="0" timestamp="2022-04-14T15:51:05" hostname="DESKTOP-MDFPPQ7" time="0.154">
  <properties/>
  <testcase name="메인페이지_로딩" classname="com.Shins.book.springboot.web.IndexControllerTest" time="0.154"/>
  <system-out><![CDATA[2022-04-15 00:51:03.301  INFO 21824 --- [    Test worker] .b.t.c.SpringBootTestContextBootstrapper : Neither @ContextConfiguration nor @ContextHierarchy found for test class [com.Shins.book.springboot.web.IndexControllerTest], using SpringBootContextLoader
2022-04-15 00:51:03.303  INFO 21824 --- [    Test worker] o.s.t.c.support.AbstractContextLoader    : Could not detect default resource locations for test class [com.Shins.book.springboot.web.IndexControllerTest]: no resource found for suffixes {-context.xml, Context.groovy}.
2022-04-15 00:51:03.304  INFO 21824 --- [    Test worker] t.c.s.AnnotationConfigContextLoaderUtils : Could not detect default configuration classes for test class [com.Shins.book.springboot.web.IndexControllerTest]: IndexControllerTest does not declare any static, non-private, non-final, nested classes annotated with @Configuration.
2022-04-15 00:51:03.306  INFO 21824 --- [    Test worker] .b.t.c.SpringBootTestContextBootstrapper : Found @SpringBootConfiguration com.Shins.book.springboot.Application for test class com.Shins.book.springboot.web.IndexControllerTest
2022-04-15 00:51:03.308  INFO 21824 --- [    Test worker] .b.t.c.SpringBootTestContextBootstrapper : Loaded default TestExecutionListener class names from location [META-INF/spring.factories]: [org.springframework.security.test.context.support.WithSecurityContextTestExecutionListener, org.springframework.security.test.context.support.ReactorContextTestExecutionListener, org.springframework.boot.test.autoconfigure.restdocs.RestDocsTestExecutionListener, org.springframework.boot.test.autoconfigure.web.client.MockRestServiceServerResetTestExecutionListener, org.springframework.boot.test.autoconfigure.web.servlet.MockMvcPrintOnlyOnFailureTestExecutionListener, org.springframework.boot.test.autoconfigure.web.servlet.WebDriverTestExecutionListener, org.springframework.boot.test.mock.mockito.MockitoTestExecutionListener, org.springframework.boot.test.mock.mockito.ResetMocksTestExecutionListener, org.springframework.test.context.web.ServletTestExecutionListener, org.springframework.test.context.support.DirtiesContextBeforeModesTestExecutionListener, org.springframework.test.context.support.DependencyInjectionTestExecutionListener, org.springframework.test.context.support.DirtiesContextTestExecutionListener, org.springframework.test.context.transaction.TransactionalTestExecutionListener, org.springframework.test.context.jdbc.SqlScriptsTestExecutionListener]
2022-04-15 00:51:03.309  INFO 21824 --- [    Test worker] .b.t.c.SpringBootTestContextBootstrapper : Using TestExecutionListeners: [org.springframework.test.context.web.ServletTestExecutionListener@267cb872, org.springframework.test.context.support.DirtiesContextBeforeModesTestExecutionListener@4c3bf359, org.springframework.boot.test.mock.mockito.MockitoTestExecutionListener@1f0c9759, org.springframework.boot.test.autoconfigure.SpringBootDependencyInjectionTestExecutionListener@6eccfa, org.springframework.test.context.support.DirtiesContextTestExecutionListener@43924bad, org.springframework.test.context.transaction.TransactionalTestExecutionListener@50a0c9bd, org.springframework.test.context.jdbc.SqlScriptsTestExecutionListener@2b6d2aaf, org.springframework.security.test.context.support.WithSecurityContextTestExecutionListener@5d923a24, org.springframework.security.test.context.support.ReactorContextTestExecutionListener@c0ccd18, org.springframework.boot.test.autoconfigure.restdocs.RestDocsTestExecutionListener@5ab71005, org.springframework.boot.test.autoconfigure.web.client.MockRestServiceServerResetTestExecutionListener@18cd61ae, org.springframework.boot.test.autoconfigure.web.servlet.MockMvcPrintOnlyOnFailureTestExecutionListener@54c22b89, org.springframework.boot.test.autoconfigure.web.servlet.WebDriverTestExecutionListener@3e4c5804, org.springframework.boot.test.mock.mockito.ResetMocksTestExecutionListener@5c1950f0]

  .   ____          _            __ _ _
 /\\ / ___'_ __ _ _(_)_ __  __ _ \ \ \ \
( ( )\___ | '_ | '_| | '_ \/ _` | \ \ \ \
 \\/  ___)| |_)| | | | | || (_| |  ) ) ) )
  '  |____| .__|_| |_|_| |_\__, | / / / /
 =========|_|==============|___/=/_/_/_/
 :: Spring Boot ::        (v2.1.7.RELEASE)

2022-04-15 00:51:03.352  INFO 21824 --- [    Test worker] c.S.b.s.web.IndexControllerTest          : Starting IndexControllerTest on DESKTOP-MDFPPQ7 with PID 21824 (started by shini in D:\Study\Spring\Springboot_AWS_Web_Service)
2022-04-15 00:51:03.353  INFO 21824 --- [    Test worker] c.S.b.s.web.IndexControllerTest          : The following profiles are active: oauth
2022-04-15 00:51:03.548  INFO 21824 --- [    Test worker] .s.d.r.c.RepositoryConfigurationDelegate : Bootstrapping Spring Data repositories in DEFAULT mode.
2022-04-15 00:51:03.563  INFO 21824 --- [    Test worker] .s.d.r.c.RepositoryConfigurationDelegate : Finished Spring Data repository scanning in 14ms. Found 2 repository interfaces.
2022-04-15 00:51:03.652  INFO 21824 --- [    Test worker] trationDelegate$BeanPostProcessorChecker : Bean 'org.springframework.transaction.annotation.ProxyTransactionManagementConfiguration' of type [org.springframework.transaction.annotation.ProxyTransactionManagementConfiguration$$EnhancerBySpringCGLIB$$c748cf1a] is not eligible for getting processed by all BeanPostProcessors (for example: not eligible for auto-proxying)
2022-04-15 00:51:03.855  INFO 21824 --- [    Test worker] o.s.b.w.embedded.tomcat.TomcatWebServer  : Tomcat initialized with port(s): 0 (http)
2022-04-15 00:51:03.883  INFO 21824 --- [    Test worker] o.apache.catalina.core.StandardService   : Starting service [Tomcat]
2022-04-15 00:51:03.883  INFO 21824 --- [    Test worker] org.apache.catalina.core.StandardEngine  : Starting Servlet engine: [Apache Tomcat/9.0.22]
2022-04-15 00:51:04.028  INFO 21824 --- [    Test worker] o.a.c.c.C.[Tomcat].[localhost].[/]       : Initializing Spring embedded WebApplicationContext
2022-04-15 00:51:04.029  INFO 21824 --- [    Test worker] o.s.web.context.ContextLoader            : Root WebApplicationContext: initialization completed in 670 ms
2022-04-15 00:51:04.224  INFO 21824 --- [    Test worker] com.zaxxer.hikari.HikariDataSource       : HikariPool-2 - Starting...
2022-04-15 00:51:04.226  INFO 21824 --- [    Test worker] com.zaxxer.hikari.HikariDataSource       : HikariPool-2 - Start completed.
2022-04-15 00:51:04.258  INFO 21824 --- [    Test worker] o.hibernate.jpa.internal.util.LogHelper  : HHH000204: Processing PersistenceUnitInfo [
	name: default
	...]
2022-04-15 00:51:04.266  INFO 21824 --- [    Test worker] org.hibernate.dialect.Dialect            : HHH000400: Using dialect: org.hibernate.dialect.MySQL5InnoDBDialect
Hibernate: drop table if exists posts
Hibernate: drop table if exists user
Hibernate: create table posts (id bigint not null auto_increment, created_date datetime, modified_date datetime, author varchar(255), content TEXT not null, title varchar(500) not null, primary key (id)) engine=InnoDB
Hibernate: create table user (id bigint not null auto_increment, created_date datetime, modified_date datetime, email varchar(255) not null, name varchar(255) not null, picture varchar(255), role varchar(255) not null, primary key (id)) engine=InnoDB
2022-04-15 00:51:04.324  INFO 21824 --- [    Test worker] o.h.t.schema.internal.SchemaCreatorImpl  : HHH000476: Executing import script 'org.hibernate.tool.schema.internal.exec.ScriptSourceInputNonExistentImpl@7b74e584'
2022-04-15 00:51:04.325  INFO 21824 --- [    Test worker] j.LocalContainerEntityManagerFactoryBean : Initialized JPA EntityManagerFactory for persistence unit 'default'
2022-04-15 00:51:04.603  INFO 21824 --- [    Test worker] o.h.h.i.QueryTranslatorFactoryInitiator  : HHH000397: Using ASTQueryTranslatorFactory
2022-04-15 00:51:04.750  INFO 21824 --- [    Test worker] o.s.s.web.DefaultSecurityFilterChain     : Creating filter chain: any request, [org.springframework.security.web.context.request.async.WebAsyncManagerIntegrationFilter@75574df0, org.springframework.security.web.context.SecurityContextPersistenceFilter@7eee39d7, org.springframework.security.web.header.HeaderWriterFilter@58395de, org.springframework.security.web.authentication.logout.LogoutFilter@25a7e407, org.springframework.security.oauth2.client.web.OAuth2AuthorizationRequestRedirectFilter@2ff56b83, org.springframework.security.oauth2.client.web.OAuth2LoginAuthenticationFilter@17726810, org.springframework.security.web.authentication.ui.DefaultLoginPageGeneratingFilter@2a885000, org.springframework.security.web.authentication.ui.DefaultLogoutPageGeneratingFilter@faae17e, org.springframework.security.web.savedrequest.RequestCacheAwareFilter@1d0fdc38, org.springframework.security.web.servletapi.SecurityContextHolderAwareRequestFilter@4bb9722, org.springframework.security.web.authentication.AnonymousAuthenticationFilter@b072a7b, org.springframework.security.web.session.SessionManagementFilter@5f8e327f, org.springframework.security.web.access.ExceptionTranslationFilter@6640b85a, org.springframework.security.web.access.intercept.FilterSecurityInterceptor@276bad81]
2022-04-15 00:51:04.940  INFO 21824 --- [    Test worker] o.s.s.concurrent.ThreadPoolTaskExecutor  : Initializing ExecutorService 'applicationTaskExecutor'
2022-04-15 00:51:04.952  WARN 21824 --- [    Test worker] aWebConfiguration$JpaWebMvcConfiguration : spring.jpa.open-in-view is enabled by default. Therefore, database queries may be performed during view rendering. Explicitly configure spring.jpa.open-in-view to disable this warning
2022-04-15 00:51:04.974  INFO 21824 --- [    Test worker] o.s.b.a.w.s.WelcomePageHandlerMapping    : Adding welcome page template: index
2022-04-15 00:51:05.200  INFO 21824 --- [    Test worker] s.a.ScheduledAnnotationBeanPostProcessor : No TaskScheduler/ScheduledExecutorService bean found for scheduled processing
2022-04-15 00:51:05.217  INFO 21824 --- [    Test worker] o.s.b.w.embedded.tomcat.TomcatWebServer  : Tomcat started on port(s): 10659 (http) with context path ''
2022-04-15 00:51:05.218  INFO 21824 --- [    Test worker] c.S.b.s.web.IndexControllerTest          : Started IndexControllerTest in 1.907 seconds (JVM running for 10.364)
2022-04-15 00:51:05.294  INFO 21824 --- [o-auto-1-exec-1] o.a.c.c.C.[Tomcat].[localhost].[/]       : Initializing Spring DispatcherServlet 'dispatcherServlet'
2022-04-15 00:51:05.294  INFO 21824 --- [o-auto-1-exec-1] o.s.web.servlet.DispatcherServlet        : Initializing Servlet 'dispatcherServlet'
2022-04-15 00:51:05.311  INFO 21824 --- [o-auto-1-exec-1] o.s.web.servlet.DispatcherServlet        : Completed initialization in 17 ms
Hibernate: select posts0_.id as id1_0_, posts0_.created_date as created_2_0_, posts0_.modified_date as modified3_0_, posts0_.author as author4_0_, posts0_.content as content5_0_, posts0_.title as title6_0_ from posts posts0_ order by posts0_.id DESC
]]></system-out>
  <system-err><![CDATA[]]></system-err>
</testsuite>
