<?xml version="1.0" encoding="UTF-8"?>
<testsuite name="com.Shins.book.springboot.web.domain.posts.PostsRepositoryTest" tests="3" skipped="0" failures="0" errors="0" timestamp="2022-04-14T15:51:03" hostname="DESKTOP-MDFPPQ7" time="0.215">
  <properties/>
  <testcase name="postsMakeTest" classname="com.Shins.book.springboot.web.domain.posts.PostsRepositoryTest" time="0.048"/>
  <testcase name="게시글저장_불러오기" classname="com.Shins.book.springboot.web.domain.posts.PostsRepositoryTest" time="0.156"/>
  <testcase name="BaseTimeEntity_등록" classname="com.Shins.book.springboot.web.domain.posts.PostsRepositoryTest" time="0.01"/>
  <system-out><![CDATA[2022-04-15 00:50:58.961  INFO 21824 --- [    Test worker] .b.t.c.SpringBootTestContextBootstrapper : Neither @ContextConfiguration nor @ContextHierarchy found for test class [com.Shins.book.springboot.web.domain.posts.PostsRepositoryTest], using SpringBootContextLoader
2022-04-15 00:50:58.962  INFO 21824 --- [    Test worker] o.s.t.c.support.AbstractContextLoader    : Could not detect default resource locations for test class [com.Shins.book.springboot.web.domain.posts.PostsRepositoryTest]: no resource found for suffixes {-context.xml, Context.groovy}.
2022-04-15 00:50:58.963  INFO 21824 --- [    Test worker] t.c.s.AnnotationConfigContextLoaderUtils : Could not detect default configuration classes for test class [com.Shins.book.springboot.web.domain.posts.PostsRepositoryTest]: PostsRepositoryTest does not declare any static, non-private, non-final, nested classes annotated with @Configuration.
2022-04-15 00:50:58.977  INFO 21824 --- [    Test worker] .b.t.c.SpringBootTestContextBootstrapper : Found @SpringBootConfiguration com.Shins.book.springboot.Application for test class com.Shins.book.springboot.web.domain.posts.PostsRepositoryTest
2022-04-15 00:50:58.980  INFO 21824 --- [    Test worker] .b.t.c.SpringBootTestContextBootstrapper : Loaded default TestExecutionListener class names from location [META-INF/spring.factories]: [org.springframework.security.test.context.support.WithSecurityContextTestExecutionListener, org.springframework.security.test.context.support.ReactorContextTestExecutionListener, org.springframework.boot.test.autoconfigure.restdocs.RestDocsTestExecutionListener, org.springframework.boot.test.autoconfigure.web.client.MockRestServiceServerResetTestExecutionListener, org.springframework.boot.test.autoconfigure.web.servlet.MockMvcPrintOnlyOnFailureTestExecutionListener, org.springframework.boot.test.autoconfigure.web.servlet.WebDriverTestExecutionListener, org.springframework.boot.test.mock.mockito.MockitoTestExecutionListener, org.springframework.boot.test.mock.mockito.ResetMocksTestExecutionListener, org.springframework.test.context.web.ServletTestExecutionListener, org.springframework.test.context.support.DirtiesContextBeforeModesTestExecutionListener, org.springframework.test.context.support.DependencyInjectionTestExecutionListener, org.springframework.test.context.support.DirtiesContextTestExecutionListener, org.springframework.test.context.transaction.TransactionalTestExecutionListener, org.springframework.test.context.jdbc.SqlScriptsTestExecutionListener]
2022-04-15 00:50:58.982  INFO 21824 --- [    Test worker] .b.t.c.SpringBootTestContextBootstrapper : Using TestExecutionListeners: [org.springframework.test.context.web.ServletTestExecutionListener@5ddd8682, org.springframework.test.context.support.DirtiesContextBeforeModesTestExecutionListener@104e55c6, org.springframework.boot.test.mock.mockito.MockitoTestExecutionListener@6296d403, org.springframework.boot.test.autoconfigure.SpringBootDependencyInjectionTestExecutionListener@30d922ef, org.springframework.test.context.support.DirtiesContextTestExecutionListener@1015be0, org.springframework.test.context.transaction.TransactionalTestExecutionListener@6383de63, org.springframework.test.context.jdbc.SqlScriptsTestExecutionListener@376128dc, org.springframework.security.test.context.support.WithSecurityContextTestExecutionListener@4e56aa85, org.springframework.security.test.context.support.ReactorContextTestExecutionListener@458326f4, org.springframework.boot.test.autoconfigure.restdocs.RestDocsTestExecutionListener@388e98e1, org.springframework.boot.test.autoconfigure.web.client.MockRestServiceServerResetTestExecutionListener@61770e4, org.springframework.boot.test.autoconfigure.web.servlet.MockMvcPrintOnlyOnFailureTestExecutionListener@7deee021, org.springframework.boot.test.autoconfigure.web.servlet.WebDriverTestExecutionListener@2106ddee, org.springframework.boot.test.mock.mockito.ResetMocksTestExecutionListener@6d0300bf]

  .   ____          _            __ _ _
 /\\ / ___'_ __ _ _(_)_ __  __ _ \ \ \ \
( ( )\___ | '_ | '_| | '_ \/ _` | \ \ \ \
 \\/  ___)| |_)| | | | | || (_| |  ) ) ) )
  '  |____| .__|_| |_|_| |_\__, | / / / /
 =========|_|==============|___/=/_/_/_/
 :: Spring Boot ::        (v2.1.7.RELEASE)

2022-04-15 00:50:59.020  INFO 21824 --- [    Test worker] c.S.b.s.w.d.posts.PostsRepositoryTest    : Starting PostsRepositoryTest on DESKTOP-MDFPPQ7 with PID 21824 (started by shini in D:\Study\Spring\Springboot_AWS_Web_Service)
2022-04-15 00:50:59.020  INFO 21824 --- [    Test worker] c.S.b.s.w.d.posts.PostsRepositoryTest    : The following profiles are active: oauth
2022-04-15 00:50:59.406  INFO 21824 --- [    Test worker] .s.d.r.c.RepositoryConfigurationDelegate : Bootstrapping Spring Data repositories in DEFAULT mode.
2022-04-15 00:50:59.505  INFO 21824 --- [    Test worker] .s.d.r.c.RepositoryConfigurationDelegate : Finished Spring Data repository scanning in 89ms. Found 2 repository interfaces.
2022-04-15 00:50:59.773  INFO 21824 --- [    Test worker] trationDelegate$BeanPostProcessorChecker : Bean 'org.springframework.transaction.annotation.ProxyTransactionManagementConfiguration' of type [org.springframework.transaction.annotation.ProxyTransactionManagementConfiguration$$EnhancerBySpringCGLIB$$c748cf1a] is not eligible for getting processed by all BeanPostProcessors (for example: not eligible for auto-proxying)
2022-04-15 00:50:59.955  INFO 21824 --- [    Test worker] com.zaxxer.hikari.HikariDataSource       : HikariPool-1 - Starting...
2022-04-15 00:51:00.136  INFO 21824 --- [    Test worker] com.zaxxer.hikari.HikariDataSource       : HikariPool-1 - Start completed.
2022-04-15 00:51:00.226  INFO 21824 --- [    Test worker] o.hibernate.jpa.internal.util.LogHelper  : HHH000204: Processing PersistenceUnitInfo [
	name: default
	...]
2022-04-15 00:51:00.309  INFO 21824 --- [    Test worker] org.hibernate.Version                    : HHH000412: Hibernate Core {5.3.10.Final}
2022-04-15 00:51:00.312  INFO 21824 --- [    Test worker] org.hibernate.cfg.Environment            : HHH000206: hibernate.properties not found
2022-04-15 00:51:00.371  INFO 21824 --- [    Test worker] o.hibernate.annotations.common.Version   : HCANN000001: Hibernate Commons Annotations {5.0.4.Final}
2022-04-15 00:51:00.531  INFO 21824 --- [    Test worker] org.hibernate.dialect.Dialect            : HHH000400: Using dialect: org.hibernate.dialect.MySQL5InnoDBDialect
Hibernate: drop table if exists posts
Hibernate: drop table if exists user
Hibernate: create table posts (id bigint not null auto_increment, created_date datetime, modified_date datetime, author varchar(255), content TEXT not null, title varchar(500) not null, primary key (id)) engine=InnoDB
Hibernate: create table user (id bigint not null auto_increment, created_date datetime, modified_date datetime, email varchar(255) not null, name varchar(255) not null, picture varchar(255), role varchar(255) not null, primary key (id)) engine=InnoDB
2022-04-15 00:51:01.355  INFO 21824 --- [    Test worker] o.h.t.schema.internal.SchemaCreatorImpl  : HHH000476: Executing import script 'org.hibernate.tool.schema.internal.exec.ScriptSourceInputNonExistentImpl@7b74e584'
2022-04-15 00:51:01.358  INFO 21824 --- [    Test worker] j.LocalContainerEntityManagerFactoryBean : Initialized JPA EntityManagerFactory for persistence unit 'default'
2022-04-15 00:51:01.858  INFO 21824 --- [    Test worker] o.h.h.i.QueryTranslatorFactoryInitiator  : HHH000397: Using ASTQueryTranslatorFactory
2022-04-15 00:51:02.204  INFO 21824 --- [    Test worker] o.s.s.web.DefaultSecurityFilterChain     : Creating filter chain: any request, [org.springframework.security.web.context.request.async.WebAsyncManagerIntegrationFilter@3698e94e, org.springframework.security.web.context.SecurityContextPersistenceFilter@22ae7713, org.springframework.security.web.header.HeaderWriterFilter@451fd877, org.springframework.security.web.authentication.logout.LogoutFilter@1d188f47, org.springframework.security.oauth2.client.web.OAuth2AuthorizationRequestRedirectFilter@38e65456, org.springframework.security.oauth2.client.web.OAuth2LoginAuthenticationFilter@49629e11, org.springframework.security.web.authentication.ui.DefaultLoginPageGeneratingFilter@4c5f7f30, org.springframework.security.web.authentication.ui.DefaultLogoutPageGeneratingFilter@48be5580, org.springframework.security.web.savedrequest.RequestCacheAwareFilter@248cad08, org.springframework.security.web.servletapi.SecurityContextHolderAwareRequestFilter@1f6b158e, org.springframework.security.web.authentication.AnonymousAuthenticationFilter@1571d890, org.springframework.security.web.session.SessionManagementFilter@7c55e65d, org.springframework.security.web.access.ExceptionTranslationFilter@cf15ab4, org.springframework.security.web.access.intercept.FilterSecurityInterceptor@1784e70d]
2022-04-15 00:51:02.565  INFO 21824 --- [    Test worker] o.s.s.concurrent.ThreadPoolTaskExecutor  : Initializing ExecutorService 'applicationTaskExecutor'
2022-04-15 00:51:02.582  WARN 21824 --- [    Test worker] aWebConfiguration$JpaWebMvcConfiguration : spring.jpa.open-in-view is enabled by default. Therefore, database queries may be performed during view rendering. Explicitly configure spring.jpa.open-in-view to disable this warning
2022-04-15 00:51:02.612  INFO 21824 --- [    Test worker] o.s.b.a.w.s.WelcomePageHandlerMapping    : Adding welcome page template: index
2022-04-15 00:51:03.065  INFO 21824 --- [    Test worker] s.a.ScheduledAnnotationBeanPostProcessor : No TaskScheduler/ScheduledExecutorService bean found for scheduled processing
2022-04-15 00:51:03.074  INFO 21824 --- [    Test worker] c.S.b.s.w.d.posts.PostsRepositoryTest    : Started PostsRepositoryTest in 4.09 seconds (JVM running for 8.22)
POSTS 1 ::: null
POSTS 2 ::: null
POSTS 3 ::: null
Hibernate: select posts0_.id as id1_0_, posts0_.created_date as created_2_0_, posts0_.modified_date as modified3_0_, posts0_.author as author4_0_, posts0_.content as content5_0_, posts0_.title as title6_0_ from posts posts0_
Hibernate: insert into posts (created_date, modified_date, author, content, title) values (?, ?, ?, ?, ?)
Hibernate: select posts0_.id as id1_0_, posts0_.created_date as created_2_0_, posts0_.modified_date as modified3_0_, posts0_.author as author4_0_, posts0_.content as content5_0_, posts0_.title as title6_0_ from posts posts0_
@@@ID::1
Hibernate: select posts0_.id as id1_0_, posts0_.created_date as created_2_0_, posts0_.modified_date as modified3_0_, posts0_.author as author4_0_, posts0_.content as content5_0_, posts0_.title as title6_0_ from posts posts0_
Hibernate: delete from posts where id=?
Hibernate: insert into posts (created_date, modified_date, author, content, title) values (?, ?, ?, ?, ?)
Hibernate: select posts0_.id as id1_0_, posts0_.created_date as created_2_0_, posts0_.modified_date as modified3_0_, posts0_.author as author4_0_, posts0_.content as content5_0_, posts0_.title as title6_0_ from posts posts0_
>>>>>>>> createDate=2022-04-15T00:51:03.286, modifiedDate=2022-04-15T00:51:03.286
Hibernate: select posts0_.id as id1_0_, posts0_.created_date as created_2_0_, posts0_.modified_date as modified3_0_, posts0_.author as author4_0_, posts0_.content as content5_0_, posts0_.title as title6_0_ from posts posts0_
Hibernate: delete from posts where id=?
]]></system-out>
  <system-err><![CDATA[]]></system-err>
</testsuite>
