<?xml version="1.0" encoding="UTF-8"?>
<testsuite name="com.Shins.book.springboot.web.PostsApiControllerTest" tests="2" skipped="0" failures="0" errors="0" timestamp="2022-04-14T15:51:05" hostname="DESKTOP-MDFPPQ7" time="0.132">
  <properties/>
  <testcase name="Posts_등록된다" classname="com.Shins.book.springboot.web.PostsApiControllerTest" time="0.077"/>
  <testcase name="Posts_수정된다" classname="com.Shins.book.springboot.web.PostsApiControllerTest" time="0.054"/>
  <system-out><![CDATA[2022-04-15 00:51:05.378  INFO 21824 --- [    Test worker] .b.t.c.SpringBootTestContextBootstrapper : Neither @ContextConfiguration nor @ContextHierarchy found for test class [com.Shins.book.springboot.web.PostsApiControllerTest], using SpringBootContextLoader
2022-04-15 00:51:05.378  INFO 21824 --- [    Test worker] o.s.t.c.support.AbstractContextLoader    : Could not detect default resource locations for test class [com.Shins.book.springboot.web.PostsApiControllerTest]: no resource found for suffixes {-context.xml, Context.groovy}.
2022-04-15 00:51:05.378  INFO 21824 --- [    Test worker] t.c.s.AnnotationConfigContextLoaderUtils : Could not detect default configuration classes for test class [com.Shins.book.springboot.web.PostsApiControllerTest]: PostsApiControllerTest does not declare any static, non-private, non-final, nested classes annotated with @Configuration.
2022-04-15 00:51:05.380  INFO 21824 --- [    Test worker] .b.t.c.SpringBootTestContextBootstrapper : Found @SpringBootConfiguration com.Shins.book.springboot.Application for test class com.Shins.book.springboot.web.PostsApiControllerTest
2022-04-15 00:51:05.381  INFO 21824 --- [    Test worker] .b.t.c.SpringBootTestContextBootstrapper : Loaded default TestExecutionListener class names from location [META-INF/spring.factories]: [org.springframework.security.test.context.support.WithSecurityContextTestExecutionListener, org.springframework.security.test.context.support.ReactorContextTestExecutionListener, org.springframework.boot.test.autoconfigure.restdocs.RestDocsTestExecutionListener, org.springframework.boot.test.autoconfigure.web.client.MockRestServiceServerResetTestExecutionListener, org.springframework.boot.test.autoconfigure.web.servlet.MockMvcPrintOnlyOnFailureTestExecutionListener, org.springframework.boot.test.autoconfigure.web.servlet.WebDriverTestExecutionListener, org.springframework.boot.test.mock.mockito.MockitoTestExecutionListener, org.springframework.boot.test.mock.mockito.ResetMocksTestExecutionListener, org.springframework.test.context.web.ServletTestExecutionListener, org.springframework.test.context.support.DirtiesContextBeforeModesTestExecutionListener, org.springframework.test.context.support.DependencyInjectionTestExecutionListener, org.springframework.test.context.support.DirtiesContextTestExecutionListener, org.springframework.test.context.transaction.TransactionalTestExecutionListener, org.springframework.test.context.jdbc.SqlScriptsTestExecutionListener]
2022-04-15 00:51:05.381  INFO 21824 --- [    Test worker] .b.t.c.SpringBootTestContextBootstrapper : Using TestExecutionListeners: [org.springframework.test.context.web.ServletTestExecutionListener@34cb77c2, org.springframework.test.context.support.DirtiesContextBeforeModesTestExecutionListener@2e74da5a, org.springframework.boot.test.mock.mockito.MockitoTestExecutionListener@3d557a92, org.springframework.boot.test.autoconfigure.SpringBootDependencyInjectionTestExecutionListener@9dcd186, org.springframework.test.context.support.DirtiesContextTestExecutionListener@66c6d218, org.springframework.test.context.transaction.TransactionalTestExecutionListener@6ee86290, org.springframework.test.context.jdbc.SqlScriptsTestExecutionListener@78ff0435, org.springframework.security.test.context.support.WithSecurityContextTestExecutionListener@17c0aa4d, org.springframework.security.test.context.support.ReactorContextTestExecutionListener@4746fcbf, org.springframework.boot.test.autoconfigure.restdocs.RestDocsTestExecutionListener@6a97ea25, org.springframework.boot.test.autoconfigure.web.client.MockRestServiceServerResetTestExecutionListener@6a4995ee, org.springframework.boot.test.autoconfigure.web.servlet.MockMvcPrintOnlyOnFailureTestExecutionListener@7849c828, org.springframework.boot.test.autoconfigure.web.servlet.WebDriverTestExecutionListener@89a709a, org.springframework.boot.test.mock.mockito.ResetMocksTestExecutionListener@5d89656e]
2022-04-15 00:51:05.393  INFO 21824 --- [    Test worker] o.a.c.c.C.[Tomcat].[localhost].[/]       : Initializing Spring TestDispatcherServlet ''
2022-04-15 00:51:05.393  INFO 21824 --- [    Test worker] o.s.t.web.servlet.TestDispatcherServlet  : Initializing Servlet ''
2022-04-15 00:51:05.396  INFO 21824 --- [    Test worker] o.s.t.web.servlet.TestDispatcherServlet  : Completed initialization in 3 ms
Hibernate: insert into posts (created_date, modified_date, author, content, title) values (?, ?, ?, ?, ?)
Hibernate: select posts0_.id as id1_0_, posts0_.created_date as created_2_0_, posts0_.modified_date as modified3_0_, posts0_.author as author4_0_, posts0_.content as content5_0_, posts0_.title as title6_0_ from posts posts0_
Hibernate: select posts0_.id as id1_0_, posts0_.created_date as created_2_0_, posts0_.modified_date as modified3_0_, posts0_.author as author4_0_, posts0_.content as content5_0_, posts0_.title as title6_0_ from posts posts0_
Hibernate: delete from posts where id=?
2022-04-15 00:51:05.467  INFO 21824 --- [    Test worker] o.a.c.c.C.[Tomcat].[localhost].[/]       : Initializing Spring TestDispatcherServlet ''
2022-04-15 00:51:05.467  INFO 21824 --- [    Test worker] o.s.t.web.servlet.TestDispatcherServlet  : Initializing Servlet ''
2022-04-15 00:51:05.470  INFO 21824 --- [    Test worker] o.s.t.web.servlet.TestDispatcherServlet  : Completed initialization in 3 ms
Hibernate: insert into posts (created_date, modified_date, author, content, title) values (?, ?, ?, ?, ?)
Hibernate: select posts0_.id as id1_0_0_, posts0_.created_date as created_2_0_0_, posts0_.modified_date as modified3_0_0_, posts0_.author as author4_0_0_, posts0_.content as content5_0_0_, posts0_.title as title6_0_0_ from posts posts0_ where posts0_.id=?
Hibernate: update posts set created_date=?, modified_date=?, author=?, content=?, title=? where id=?
Hibernate: select posts0_.id as id1_0_, posts0_.created_date as created_2_0_, posts0_.modified_date as modified3_0_, posts0_.author as author4_0_, posts0_.content as content5_0_, posts0_.title as title6_0_ from posts posts0_
Hibernate: select posts0_.id as id1_0_, posts0_.created_date as created_2_0_, posts0_.modified_date as modified3_0_, posts0_.author as author4_0_, posts0_.content as content5_0_, posts0_.title as title6_0_ from posts posts0_
Hibernate: delete from posts where id=?
]]></system-out>
  <system-err><![CDATA[]]></system-err>
</testsuite>
