<?xml version="1.0" encoding="UTF-8"?>
<testsuite name="com.Shins.book.springboot.web.domain.posts.PostsRepositoryTest" tests="1" skipped="0" failures="0" errors="0" timestamp="2022-04-09T14:29:13" hostname="DESKTOP-MDFPPQ7" time="0.441">
  <properties/>
  <testcase name="게시글저장_불러오기" classname="com.Shins.book.springboot.web.domain.posts.PostsRepositoryTest" time="0.441"/>
  <system-out><![CDATA[23:29:09.390 [Test worker] DEBUG org.springframework.test.context.junit4.SpringJUnit4ClassRunner - SpringJUnit4ClassRunner constructor called with [class com.Shins.book.springboot.web.domain.posts.PostsRepositoryTest]
23:29:09.398 [Test worker] DEBUG org.springframework.test.context.BootstrapUtils - Instantiating CacheAwareContextLoaderDelegate from class [org.springframework.test.context.cache.DefaultCacheAwareContextLoaderDelegate]
23:29:09.405 [Test worker] DEBUG org.springframework.test.context.BootstrapUtils - Instantiating BootstrapContext using constructor [public org.springframework.test.context.support.DefaultBootstrapContext(java.lang.Class,org.springframework.test.context.CacheAwareContextLoaderDelegate)]
23:29:09.421 [Test worker] DEBUG org.springframework.test.context.BootstrapUtils - Instantiating TestContextBootstrapper for test class [com.Shins.book.springboot.web.domain.posts.PostsRepositoryTest] from class [org.springframework.boot.test.context.SpringBootTestContextBootstrapper]
23:29:09.433 [Test worker] INFO org.springframework.boot.test.context.SpringBootTestContextBootstrapper - Neither @ContextConfiguration nor @ContextHierarchy found for test class [com.Shins.book.springboot.web.domain.posts.PostsRepositoryTest], using SpringBootContextLoader
23:29:09.435 [Test worker] DEBUG org.springframework.test.context.support.AbstractContextLoader - Did not detect default resource location for test class [com.Shins.book.springboot.web.domain.posts.PostsRepositoryTest]: class path resource [com/Shins/book/springboot/web/domain/posts/PostsRepositoryTest-context.xml] does not exist
23:29:09.436 [Test worker] DEBUG org.springframework.test.context.support.AbstractContextLoader - Did not detect default resource location for test class [com.Shins.book.springboot.web.domain.posts.PostsRepositoryTest]: class path resource [com/Shins/book/springboot/web/domain/posts/PostsRepositoryTestContext.groovy] does not exist
23:29:09.436 [Test worker] INFO org.springframework.test.context.support.AbstractContextLoader - Could not detect default resource locations for test class [com.Shins.book.springboot.web.domain.posts.PostsRepositoryTest]: no resource found for suffixes {-context.xml, Context.groovy}.
23:29:09.437 [Test worker] INFO org.springframework.test.context.support.AnnotationConfigContextLoaderUtils - Could not detect default configuration classes for test class [com.Shins.book.springboot.web.domain.posts.PostsRepositoryTest]: PostsRepositoryTest does not declare any static, non-private, non-final, nested classes annotated with @Configuration.
23:29:09.473 [Test worker] DEBUG org.springframework.test.context.support.ActiveProfilesUtils - Could not find an 'annotation declaring class' for annotation type [org.springframework.test.context.ActiveProfiles] and class [com.Shins.book.springboot.web.domain.posts.PostsRepositoryTest]
23:29:09.556 [Test worker] DEBUG org.springframework.context.annotation.ClassPathScanningCandidateComponentProvider - Identified candidate component class: file [D:\Study\Spring\Springboot_AWS_Web_Service\build\classes\java\main\com\Shins\book\springboot\Application.class]
23:29:09.557 [Test worker] INFO org.springframework.boot.test.context.SpringBootTestContextBootstrapper - Found @SpringBootConfiguration com.Shins.book.springboot.Application for test class com.Shins.book.springboot.web.domain.posts.PostsRepositoryTest
23:29:09.637 [Test worker] DEBUG org.springframework.boot.test.context.SpringBootTestContextBootstrapper - @TestExecutionListeners is not present for class [com.Shins.book.springboot.web.domain.posts.PostsRepositoryTest]: using defaults.
23:29:09.638 [Test worker] INFO org.springframework.boot.test.context.SpringBootTestContextBootstrapper - Loaded default TestExecutionListener class names from location [META-INF/spring.factories]: [org.springframework.boot.test.autoconfigure.restdocs.RestDocsTestExecutionListener, org.springframework.boot.test.autoconfigure.web.client.MockRestServiceServerResetTestExecutionListener, org.springframework.boot.test.autoconfigure.web.servlet.MockMvcPrintOnlyOnFailureTestExecutionListener, org.springframework.boot.test.autoconfigure.web.servlet.WebDriverTestExecutionListener, org.springframework.boot.test.mock.mockito.MockitoTestExecutionListener, org.springframework.boot.test.mock.mockito.ResetMocksTestExecutionListener, org.springframework.test.context.web.ServletTestExecutionListener, org.springframework.test.context.support.DirtiesContextBeforeModesTestExecutionListener, org.springframework.test.context.support.DependencyInjectionTestExecutionListener, org.springframework.test.context.support.DirtiesContextTestExecutionListener, org.springframework.test.context.transaction.TransactionalTestExecutionListener, org.springframework.test.context.jdbc.SqlScriptsTestExecutionListener]
23:29:09.654 [Test worker] INFO org.springframework.boot.test.context.SpringBootTestContextBootstrapper - Using TestExecutionListeners: [org.springframework.test.context.web.ServletTestExecutionListener@50e4aa42, org.springframework.test.context.support.DirtiesContextBeforeModesTestExecutionListener@2f804d15, org.springframework.boot.test.mock.mockito.MockitoTestExecutionListener@6d18085b, org.springframework.boot.test.autoconfigure.SpringBootDependencyInjectionTestExecutionListener@5523cf57, org.springframework.test.context.support.DirtiesContextTestExecutionListener@20e0c90b, org.springframework.test.context.transaction.TransactionalTestExecutionListener@da5c0e7, org.springframework.test.context.jdbc.SqlScriptsTestExecutionListener@20525bd8, org.springframework.boot.test.autoconfigure.restdocs.RestDocsTestExecutionListener@6b4071f2, org.springframework.boot.test.autoconfigure.web.client.MockRestServiceServerResetTestExecutionListener@4dce4500, org.springframework.boot.test.autoconfigure.web.servlet.MockMvcPrintOnlyOnFailureTestExecutionListener@6ecf16a6, org.springframework.boot.test.autoconfigure.web.servlet.WebDriverTestExecutionListener@5cf11c3c, org.springframework.boot.test.mock.mockito.ResetMocksTestExecutionListener@345639b1]
23:29:09.657 [Test worker] DEBUG org.springframework.test.annotation.ProfileValueUtils - Retrieved @ProfileValueSourceConfiguration [null] for test class [com.Shins.book.springboot.web.domain.posts.PostsRepositoryTest]
23:29:09.658 [Test worker] DEBUG org.springframework.test.annotation.ProfileValueUtils - Retrieved ProfileValueSource type [class org.springframework.test.annotation.SystemProfileValueSource] for class [com.Shins.book.springboot.web.domain.posts.PostsRepositoryTest]
23:29:09.660 [Test worker] DEBUG org.springframework.test.annotation.ProfileValueUtils - Retrieved @ProfileValueSourceConfiguration [null] for test class [com.Shins.book.springboot.web.domain.posts.PostsRepositoryTest]
23:29:09.661 [Test worker] DEBUG org.springframework.test.annotation.ProfileValueUtils - Retrieved ProfileValueSource type [class org.springframework.test.annotation.SystemProfileValueSource] for class [com.Shins.book.springboot.web.domain.posts.PostsRepositoryTest]
23:29:09.661 [Test worker] DEBUG org.springframework.test.annotation.ProfileValueUtils - Retrieved @ProfileValueSourceConfiguration [null] for test class [com.Shins.book.springboot.web.domain.posts.PostsRepositoryTest]
23:29:09.661 [Test worker] DEBUG org.springframework.test.annotation.ProfileValueUtils - Retrieved ProfileValueSource type [class org.springframework.test.annotation.SystemProfileValueSource] for class [com.Shins.book.springboot.web.domain.posts.PostsRepositoryTest]
23:29:09.666 [Test worker] DEBUG org.springframework.test.context.support.AbstractDirtiesContextTestExecutionListener - Before test class: context [DefaultTestContext@40fbe6e testClass = PostsRepositoryTest, testInstance = [null], testMethod = [null], testException = [null], mergedContextConfiguration = [WebMergedContextConfiguration@37a44d98 testClass = PostsRepositoryTest, locations = '{}', classes = '{class com.Shins.book.springboot.Application}', contextInitializerClasses = '[]', activeProfiles = '{}', propertySourceLocations = '{}', propertySourceProperties = '{org.springframework.boot.test.context.SpringBootTestContextBootstrapper=true}', contextCustomizers = set[org.springframework.boot.test.autoconfigure.properties.PropertyMappingContextCustomizer@0, org.springframework.boot.test.autoconfigure.web.servlet.WebDriverContextCustomizerFactory$Customizer@69f2f1bf, org.springframework.boot.test.context.filter.ExcludeFilterContextCustomizer@34b67b28, org.springframework.boot.test.json.DuplicateJsonObjectContextCustomizerFactory$DuplicateJsonObjectContextCustomizer@175d4c84, org.springframework.boot.test.mock.mockito.MockitoContextCustomizer@0, org.springframework.boot.test.web.client.TestRestTemplateContextCustomizer@77ca8af9], resourceBasePath = 'src/main/webapp', contextLoader = 'org.springframework.boot.test.context.SpringBootContextLoader', parent = [null]], attributes = map['org.springframework.test.context.web.ServletTestExecutionListener.activateListener' -> true]], class annotated with @DirtiesContext [false] with mode [null].
23:29:09.667 [Test worker] DEBUG org.springframework.test.annotation.ProfileValueUtils - Retrieved @ProfileValueSourceConfiguration [null] for test class [com.Shins.book.springboot.web.domain.posts.PostsRepositoryTest]
23:29:09.667 [Test worker] DEBUG org.springframework.test.annotation.ProfileValueUtils - Retrieved ProfileValueSource type [class org.springframework.test.annotation.SystemProfileValueSource] for class [com.Shins.book.springboot.web.domain.posts.PostsRepositoryTest]
23:29:09.684 [Test worker] DEBUG org.springframework.test.context.support.TestPropertySourceUtils - Adding inlined properties to environment: {spring.jmx.enabled=false, org.springframework.boot.test.context.SpringBootTestContextBootstrapper=true, server.port=-1}

  .   ____          _            __ _ _
 /\\ / ___'_ __ _ _(_)_ __  __ _ \ \ \ \
( ( )\___ | '_ | '_| | '_ \/ _` | \ \ \ \
 \\/  ___)| |_)| | | | | || (_| |  ) ) ) )
  '  |____| .__|_| |_|_| |_\__, | / / / /
 =========|_|==============|___/=/_/_/_/
 :: Spring Boot ::        (v2.1.7.RELEASE)

2022-04-09 23:29:09.897  INFO 8812 --- [    Test worker] c.S.b.s.w.d.posts.PostsRepositoryTest    : Starting PostsRepositoryTest on DESKTOP-MDFPPQ7 with PID 8812 (started by shini in D:\Study\Spring\Springboot_AWS_Web_Service)
2022-04-09 23:29:09.898  INFO 8812 --- [    Test worker] c.S.b.s.w.d.posts.PostsRepositoryTest    : No active profile set, falling back to default profiles: default
2022-04-09 23:29:10.640  INFO 8812 --- [    Test worker] .s.d.r.c.RepositoryConfigurationDelegate : Bootstrapping Spring Data repositories in DEFAULT mode.
2022-04-09 23:29:10.711  INFO 8812 --- [    Test worker] .s.d.r.c.RepositoryConfigurationDelegate : Finished Spring Data repository scanning in 61ms. Found 1 repository interfaces.
2022-04-09 23:29:11.048  INFO 8812 --- [    Test worker] trationDelegate$BeanPostProcessorChecker : Bean 'org.springframework.transaction.annotation.ProxyTransactionManagementConfiguration' of type [org.springframework.transaction.annotation.ProxyTransactionManagementConfiguration$$EnhancerBySpringCGLIB$$3c7893d] is not eligible for getting processed by all BeanPostProcessors (for example: not eligible for auto-proxying)
2022-04-09 23:29:11.231  INFO 8812 --- [    Test worker] com.zaxxer.hikari.HikariDataSource       : HikariPool-1 - Starting...
2022-04-09 23:29:11.406  INFO 8812 --- [    Test worker] com.zaxxer.hikari.HikariDataSource       : HikariPool-1 - Start completed.
2022-04-09 23:29:11.474  INFO 8812 --- [    Test worker] o.hibernate.jpa.internal.util.LogHelper  : HHH000204: Processing PersistenceUnitInfo [
	name: default
	...]
2022-04-09 23:29:11.539  INFO 8812 --- [    Test worker] org.hibernate.Version                    : HHH000412: Hibernate Core {5.3.10.Final}
2022-04-09 23:29:11.540  INFO 8812 --- [    Test worker] org.hibernate.cfg.Environment            : HHH000206: hibernate.properties not found
2022-04-09 23:29:11.678  INFO 8812 --- [    Test worker] o.hibernate.annotations.common.Version   : HCANN000001: Hibernate Commons Annotations {5.0.4.Final}
2022-04-09 23:29:11.812  INFO 8812 --- [    Test worker] org.hibernate.dialect.Dialect            : HHH000400: Using dialect: org.hibernate.dialect.H2Dialect
2022-04-09 23:29:12.463  INFO 8812 --- [    Test worker] o.h.t.schema.internal.SchemaCreatorImpl  : HHH000476: Executing import script 'org.hibernate.tool.schema.internal.exec.ScriptSourceInputNonExistentImpl@46e5a746'
2022-04-09 23:29:12.467  INFO 8812 --- [    Test worker] j.LocalContainerEntityManagerFactoryBean : Initialized JPA EntityManagerFactory for persistence unit 'default'
2022-04-09 23:29:13.273  INFO 8812 --- [    Test worker] o.s.s.concurrent.ThreadPoolTaskExecutor  : Initializing ExecutorService 'applicationTaskExecutor'
2022-04-09 23:29:13.325  WARN 8812 --- [    Test worker] aWebConfiguration$JpaWebMvcConfiguration : spring.jpa.open-in-view is enabled by default. Therefore, database queries may be performed during view rendering. Explicitly configure spring.jpa.open-in-view to disable this warning
2022-04-09 23:29:13.616  INFO 8812 --- [    Test worker] c.S.b.s.w.d.posts.PostsRepositoryTest    : Started PostsRepositoryTest in 3.925 seconds (JVM running for 5.546)
2022-04-09 23:29:13.878  INFO 8812 --- [    Test worker] o.h.h.i.QueryTranslatorFactoryInitiator  : HHH000397: Using ASTQueryTranslatorFactory
@@@ID::1
]]></system-out>
  <system-err><![CDATA[]]></system-err>
</testsuite>
